2025-12-13 11:39:45 INFO  com.omrbranch.utility.BaseClass - Config.properties loaded successfully from: C:\Users\Admin\eclipse-workspace\OmrBranchHotelProject_PrakashSK\src\test\resources\config\Config.properties
2025-12-13 11:39:45 INFO  com.omrbranch.runner.TestRunnerClass - Cucumber execution completed. Generating JVM report from: C:\Users\Admin\eclipse-workspace\OmrBranchHotelProject_PrakashSK/target/output.json
2025-12-13 11:39:45 INFO  com.omrbranch.report.Reporting - Starting JVM Report Generation...
2025-12-13 11:39:45 INFO  com.omrbranch.report.Reporting - Created report directory: C:\Users\Admin\eclipse-workspace\OmrBranchHotelProject_PrakashSK\target\JVM_Report_20251213_113945
2025-12-13 11:39:45 INFO  com.omrbranch.report.Reporting - Generating JVM report for JSON file(s): [C:\Users\Admin\eclipse-workspace\OmrBranchHotelProject_PrakashSK/target/output.json]
2025-12-13 11:39:49 INFO  com.omrbranch.report.Reporting - ------------------------------------------------------------
2025-12-13 11:39:49 INFO  com.omrbranch.report.Reporting - JVM Report Generated Successfully!
2025-12-13 11:39:49 INFO  com.omrbranch.report.Reporting - Location : C:\Users\Admin\eclipse-workspace\OmrBranchHotelProject_PrakashSK\target\JVM_Report_20251213_113945
2025-12-13 11:39:49 INFO  com.omrbranch.report.Reporting - Project  : OMR Branch Hotel Automation
2025-12-13 11:39:49 INFO  com.omrbranch.report.Reporting - Author   : PrakashSK
2025-12-13 11:39:49 INFO  com.omrbranch.report.Reporting - Env      : QA
2025-12-13 11:39:49 INFO  com.omrbranch.report.Reporting - Time     : 20251213_113945
2025-12-13 11:39:49 INFO  com.omrbranch.report.Reporting - ------------------------------------------------------------
2025-12-13 11:39:49 INFO  com.omrbranch.runner.TestRunnerClass - JVM report generated successfully.
2025-12-13 11:41:29 INFO  com.omrbranch.utility.BaseClass - Config.properties loaded successfully from: C:\Users\Admin\eclipse-workspace\OmrBranchHotelProject_PrakashSK\src\test\resources\config\Config.properties
2025-12-13 11:41:29 INFO  com.omrbranch.runner.TestRunnerClass - Cucumber execution completed. Generating JVM report from: C:\Users\Admin\eclipse-workspace\OmrBranchHotelProject_PrakashSK/target/output.json
2025-12-13 11:41:29 INFO  com.omrbranch.report.Reporting - Starting JVM Report Generation...
2025-12-13 11:41:29 INFO  com.omrbranch.report.Reporting - Created report directory: C:\Users\Admin\eclipse-workspace\OmrBranchHotelProject_PrakashSK\target\JVM_Report_20251213_114129
2025-12-13 11:41:29 INFO  com.omrbranch.report.Reporting - Generating JVM report for JSON file(s): [C:\Users\Admin\eclipse-workspace\OmrBranchHotelProject_PrakashSK/target/output.json]
2025-12-13 11:41:33 INFO  com.omrbranch.report.Reporting - ------------------------------------------------------------
2025-12-13 11:41:33 INFO  com.omrbranch.report.Reporting - JVM Report Generated Successfully!
2025-12-13 11:41:33 INFO  com.omrbranch.report.Reporting - Location : C:\Users\Admin\eclipse-workspace\OmrBranchHotelProject_PrakashSK\target\JVM_Report_20251213_114129
2025-12-13 11:41:33 INFO  com.omrbranch.report.Reporting - Project  : OMR Branch Hotel Automation
2025-12-13 11:41:33 INFO  com.omrbranch.report.Reporting - Author   : PrakashSK
2025-12-13 11:41:33 INFO  com.omrbranch.report.Reporting - Env      : QA
2025-12-13 11:41:33 INFO  com.omrbranch.report.Reporting - Time     : 20251213_114129
2025-12-13 11:41:33 INFO  com.omrbranch.report.Reporting - ------------------------------------------------------------
2025-12-13 11:41:33 INFO  com.omrbranch.runner.TestRunnerClass - JVM report generated successfully.
2025-12-13 11:42:18 INFO  com.omrbranch.utility.BaseClass - Config.properties loaded successfully from: C:\Users\Admin\eclipse-workspace\OmrBranchHotelProject_PrakashSK\src\test\resources\config\Config.properties
2025-12-13 11:42:18 INFO  com.omrbranch.runner.TestRunnerClass - Cucumber execution completed. Generating JVM report from: C:\Users\Admin\eclipse-workspace\OmrBranchHotelProject_PrakashSK/target/output.json
2025-12-13 11:42:18 INFO  com.omrbranch.report.Reporting - Starting JVM Report Generation...
2025-12-13 11:42:18 INFO  com.omrbranch.report.Reporting - Created report directory: C:\Users\Admin\eclipse-workspace\OmrBranchHotelProject_PrakashSK\target\JVM_Report_20251213_114218
2025-12-13 11:42:18 INFO  com.omrbranch.report.Reporting - Generating JVM report for JSON file(s): [C:\Users\Admin\eclipse-workspace\OmrBranchHotelProject_PrakashSK/target/output.json]
2025-12-13 11:42:22 INFO  com.omrbranch.report.Reporting - ------------------------------------------------------------
2025-12-13 11:42:22 INFO  com.omrbranch.report.Reporting - JVM Report Generated Successfully!
2025-12-13 11:42:22 INFO  com.omrbranch.report.Reporting - Location : C:\Users\Admin\eclipse-workspace\OmrBranchHotelProject_PrakashSK\target\JVM_Report_20251213_114218
2025-12-13 11:42:22 INFO  com.omrbranch.report.Reporting - Project  : OMR Branch Hotel Automation
2025-12-13 11:42:22 INFO  com.omrbranch.report.Reporting - Author   : PrakashSK
2025-12-13 11:42:22 INFO  com.omrbranch.report.Reporting - Env      : QA
2025-12-13 11:42:22 INFO  com.omrbranch.report.Reporting - Time     : 20251213_114218
2025-12-13 11:42:22 INFO  com.omrbranch.report.Reporting - ------------------------------------------------------------
2025-12-13 11:42:22 INFO  com.omrbranch.runner.TestRunnerClass - JVM report generated successfully.
2025-12-13 11:44:27 INFO  com.omrbranch.utility.BaseClass - Config.properties loaded successfully from: C:\Users\Admin\eclipse-workspace\OmrBranchHotelProject_PrakashSK\src\test\resources\config\Config.properties
2025-12-13 11:44:27 INFO  com.omrbranch.runner.TestRunnerClass - Cucumber execution completed. Generating JVM report from: C:\Users\Admin\eclipse-workspace\OmrBranchHotelProject_PrakashSK/target/output.json
2025-12-13 11:44:27 INFO  com.omrbranch.report.Reporting - Starting JVM Report Generation...
2025-12-13 11:44:27 INFO  com.omrbranch.report.Reporting - Created report directory: C:\Users\Admin\eclipse-workspace\OmrBranchHotelProject_PrakashSK\target\JVM_Report_20251213_114427
2025-12-13 11:44:27 INFO  com.omrbranch.report.Reporting - Generating JVM report for JSON file(s): [C:\Users\Admin\eclipse-workspace\OmrBranchHotelProject_PrakashSK/target/output.json]
2025-12-13 11:44:30 INFO  com.omrbranch.report.Reporting - ------------------------------------------------------------
2025-12-13 11:44:30 INFO  com.omrbranch.report.Reporting - JVM Report Generated Successfully!
2025-12-13 11:44:30 INFO  com.omrbranch.report.Reporting - Location : C:\Users\Admin\eclipse-workspace\OmrBranchHotelProject_PrakashSK\target\JVM_Report_20251213_114427
2025-12-13 11:44:30 INFO  com.omrbranch.report.Reporting - Project  : OMR Branch Hotel Automation
2025-12-13 11:44:30 INFO  com.omrbranch.report.Reporting - Author   : PrakashSK
2025-12-13 11:44:30 INFO  com.omrbranch.report.Reporting - Env      : QA
2025-12-13 11:44:30 INFO  com.omrbranch.report.Reporting - Time     : 20251213_114427
2025-12-13 11:44:30 INFO  com.omrbranch.report.Reporting - ------------------------------------------------------------
2025-12-13 11:44:30 INFO  com.omrbranch.runner.TestRunnerClass - JVM report generated successfully.
2025-12-16 12:34:09 INFO  com.omrbranch.utility.BaseClass - Config.properties loaded successfully from: C:\Users\Admin\eclipse-workspace\OmrBranchHotelProject_PrakashSK\src\test\resources\config\Config.properties
2025-12-16 12:34:09 INFO  com.omrbranch.runner.TestRunnerClass - Cucumber execution completed. Generating JVM report from: C:\Users\Admin\eclipse-workspace\OmrBranchHotelProject_PrakashSK/target/output.json
2025-12-16 12:34:09 INFO  com.omrbranch.report.Reporting - Starting JVM Report Generation...
2025-12-16 12:34:09 INFO  com.omrbranch.report.Reporting - Created report directory: C:\Users\Admin\eclipse-workspace\OmrBranchHotelProject_PrakashSK\target\JVM_Report_20251216_123409
2025-12-16 12:34:09 INFO  com.omrbranch.report.Reporting - Generating JVM report for JSON file(s): [C:\Users\Admin\eclipse-workspace\OmrBranchHotelProject_PrakashSK/target/output.json]
2025-12-16 12:34:11 INFO  com.omrbranch.report.Reporting - ------------------------------------------------------------
2025-12-16 12:34:11 INFO  com.omrbranch.report.Reporting - JVM Report Generated Successfully!
2025-12-16 12:34:11 INFO  com.omrbranch.report.Reporting - Location : C:\Users\Admin\eclipse-workspace\OmrBranchHotelProject_PrakashSK\target\JVM_Report_20251216_123409
2025-12-16 12:34:11 INFO  com.omrbranch.report.Reporting - Project  : OMR Branch Hotel Automation
2025-12-16 12:34:11 INFO  com.omrbranch.report.Reporting - Author   : PrakashSK
2025-12-16 12:34:11 INFO  com.omrbranch.report.Reporting - Env      : QA
2025-12-16 12:34:11 INFO  com.omrbranch.report.Reporting - Time     : 20251216_123409
2025-12-16 12:34:11 INFO  com.omrbranch.report.Reporting - ------------------------------------------------------------
2025-12-16 12:34:11 INFO  com.omrbranch.runner.TestRunnerClass - JVM report generated successfully.
